06:52:17 INFO  : Registering command handlers for Vitis TCF services
06:52:17 INFO  : Platform repository initialization has completed.
06:52:20 INFO  : Result from executing command 'getProjects': hwplat
06:52:20 INFO  : Result from executing command 'getPlatforms': 
06:52:20 INFO  : Result from executing command 'reportPlatform': {hwplat={standalone_ps7_cortexa9_0={Os=standalone, DomainName=standalone_ps7_cortexa9_0, CpuType=cortex-a9, CpuInstance=ps7_cortexa9_0}}}
06:52:20 INFO  : Result from executing command 'reportPlatform': {hwplat={standalone_ps7_cortexa9_0={Os=standalone, DomainName=standalone_ps7_cortexa9_0, CpuType=cortex-a9, CpuInstance=ps7_cortexa9_0}}}
06:52:20 INFO  : Result from executing command 'reportPlatform': {hwplat={standalone_ps7_cortexa9_0={Os=standalone, DomainName=standalone_ps7_cortexa9_0, CpuType=cortex-a9, CpuInstance=ps7_cortexa9_0}}}
06:52:30 INFO  : plnx-install-location is set to ''
06:52:31 INFO  : Successfully done query RDI_DATADIR 
06:52:56 INFO  : Checking for BSP changes to sync application flags for project 'my_app'...
06:52:59 INFO  : Checking for BSP changes to sync application flags for project 'my_app'...
06:53:06 ERROR : xsct server communication channel has closed unexpectedly.
java.net.SocketException: Connection reset
	at java.base/java.net.SocketInputStream.read(SocketInputStream.java:186)
	at java.base/java.net.SocketInputStream.read(SocketInputStream.java:140)
	at java.base/java.io.BufferedInputStream.read1(BufferedInputStream.java:290)
	at java.base/java.io.BufferedInputStream.read(BufferedInputStream.java:351)
	at java.base/java.io.FilterInputStream.read(FilterInputStream.java:107)
	at org.eclipse.tcf.core.ChannelTCP.get(ChannelTCP.java:186)
	at org.eclipse.tcf.core.StreamChannel.read(StreamChannel.java:85)
	at org.eclipse.tcf.core.AbstractChannel$1.run(AbstractChannel.java:329)
20:42:15 INFO  : Launching XSCT server: xsct.bat -n  -interactive D:\School\sysFPGAlab\radio_periph_lab\vitis\temp_xsdb_launch_script.tcl
20:42:18 INFO  : XSCT server has started successfully.
20:42:18 INFO  : Successfully done setting XSCT server connection channel  
20:42:18 INFO  : plnx-install-location is set to ''
20:42:18 INFO  : Successfully done setting workspace for the tool. 
20:42:19 INFO  : Registering command handlers for Vitis TCF services
20:42:19 INFO  : Platform repository initialization has completed.
20:42:21 INFO  : Successfully done query RDI_DATADIR 
17:42:44 INFO  : Launching XSCT server: xsct.bat -n  -interactive D:\School\sysFPGAlab\radio_periph_lab\vitis\temp_xsdb_launch_script.tcl
17:42:47 INFO  : XSCT server has started successfully.
17:42:47 INFO  : Successfully done setting XSCT server connection channel  
17:42:47 INFO  : plnx-install-location is set to ''
17:42:47 INFO  : Successfully done setting workspace for the tool. 
17:42:47 INFO  : Platform repository initialization has completed.
17:42:47 INFO  : Successfully done query RDI_DATADIR 
17:42:47 INFO  : Registering command handlers for Vitis TCF services
10:52:32 INFO  : Launching XSCT server: xsct.bat -n  -interactive D:\School\sysFPGAlab\radio_periph_lab\vitis\temp_xsdb_launch_script.tcl
10:52:35 INFO  : XSCT server has started successfully.
10:52:35 INFO  : Successfully done setting XSCT server connection channel  
10:52:35 INFO  : plnx-install-location is set to ''
10:52:35 INFO  : Successfully done setting workspace for the tool. 
10:52:36 INFO  : Registering command handlers for Vitis TCF services
10:52:36 INFO  : Platform repository initialization has completed.
10:52:38 INFO  : Successfully done query RDI_DATADIR 
12:38:39 INFO  : Launching XSCT server: xsct.bat -n  -interactive D:\School\sysFPGAlab\radio_periph_lab\vitis\temp_xsdb_launch_script.tcl
12:38:42 INFO  : Platform repository initialization has completed.
12:38:42 INFO  : Registering command handlers for Vitis TCF services
12:38:43 INFO  : XSCT server has started successfully.
12:38:43 INFO  : plnx-install-location is set to ''
12:38:43 INFO  : Successfully done setting XSCT server connection channel  
12:38:43 INFO  : Successfully done query RDI_DATADIR 
12:38:43 INFO  : Successfully done setting workspace for the tool. 
